0 info it worked if it ends with ok
1 verbose cli [ '/usr/local/Cellar/node/0.10.8/bin/node',
1 verbose cli   '/usr/local/bin/npm',
1 verbose cli   'install' ]
2 info using npm@1.2.23
3 info using node@v0.10.8
4 verbose read json /Users/duke/Documents/dev/dukeboard/kevoree-modeling-framework/gpce2013-experiment/package.json
5 warn package.json http-server@0.3.0 No repository field.
6 verbose readDependencies using package.json deps
7 verbose install where, deps [ '/Users/duke/Documents/dev/dukeboard/kevoree-modeling-framework/gpce2013-experiment',
7 verbose install   [ 'ws', 'fs', 'socket.io', 'express', 'socket.io-client' ] ]
8 verbose from cache /Users/duke/Documents/dev/dukeboard/kevoree-modeling-framework/gpce2013-experiment/package.json
9 info preinstall http-server@0.3.0
10 verbose read json /Users/duke/Documents/dev/dukeboard/kevoree-modeling-framework/gpce2013-experiment/node_modules/express/package.json
11 verbose read json /Users/duke/Documents/dev/dukeboard/kevoree-modeling-framework/gpce2013-experiment/node_modules/socket.io/package.json
12 verbose read json /Users/duke/Documents/dev/dukeboard/kevoree-modeling-framework/gpce2013-experiment/node_modules/socket.io-client/package.json
13 verbose read json /Users/duke/Documents/dev/dukeboard/kevoree-modeling-framework/gpce2013-experiment/node_modules/ws/package.json
14 verbose from cache /Users/duke/Documents/dev/dukeboard/kevoree-modeling-framework/gpce2013-experiment/package.json
15 verbose readDependencies using package.json deps
16 verbose from cache /Users/duke/Documents/dev/dukeboard/kevoree-modeling-framework/gpce2013-experiment/node_modules/express/package.json
17 verbose from cache /Users/duke/Documents/dev/dukeboard/kevoree-modeling-framework/gpce2013-experiment/node_modules/socket.io/package.json
18 verbose from cache /Users/duke/Documents/dev/dukeboard/kevoree-modeling-framework/gpce2013-experiment/node_modules/socket.io-client/package.json
19 verbose from cache /Users/duke/Documents/dev/dukeboard/kevoree-modeling-framework/gpce2013-experiment/node_modules/ws/package.json
20 verbose already installed skipping ws@* /Users/duke/Documents/dev/dukeboard/kevoree-modeling-framework/gpce2013-experiment
21 verbose cache add [ 'fs@*', null ]
22 verbose cache add name=undefined spec="fs@*" args=["fs@*",null]
23 verbose parsed url { protocol: null,
23 verbose parsed url   slashes: null,
23 verbose parsed url   auth: null,
23 verbose parsed url   host: null,
23 verbose parsed url   port: null,
23 verbose parsed url   hostname: null,
23 verbose parsed url   hash: null,
23 verbose parsed url   search: null,
23 verbose parsed url   query: null,
23 verbose parsed url   pathname: 'fs@*',
23 verbose parsed url   path: 'fs@*',
23 verbose parsed url   href: 'fs@*' }
24 verbose cache add name="fs" spec="*" args=["fs","*"]
25 verbose parsed url { protocol: null,
25 verbose parsed url   slashes: null,
25 verbose parsed url   auth: null,
25 verbose parsed url   host: null,
25 verbose parsed url   port: null,
25 verbose parsed url   hostname: null,
25 verbose parsed url   hash: null,
25 verbose parsed url   search: null,
25 verbose parsed url   query: null,
25 verbose parsed url   pathname: '*',
25 verbose parsed url   path: '*',
25 verbose parsed url   href: '*' }
26 verbose addNamed [ 'fs', '*' ]
27 verbose addNamed [ null, '' ]
28 verbose already installed skipping socket.io@* /Users/duke/Documents/dev/dukeboard/kevoree-modeling-framework/gpce2013-experiment
29 silly lockFile d8bf140d-fs fs@*
30 verbose lock fs@* /Users/duke/.npm/d8bf140d-fs.lock
31 verbose already installed skipping express@* /Users/duke/Documents/dev/dukeboard/kevoree-modeling-framework/gpce2013-experiment
32 silly addNameRange { name: 'fs', range: '', hasData: false }
33 verbose already installed skipping socket.io-client@* /Users/duke/Documents/dev/dukeboard/kevoree-modeling-framework/gpce2013-experiment
34 verbose url raw fs
35 verbose url resolving [ 'https://registry.npmjs.org/', './fs' ]
36 verbose url resolved https://registry.npmjs.org/fs
37 info trying registry request attempt 1 at 18:03:33
38 http GET https://registry.npmjs.org/fs
39 http 404 https://registry.npmjs.org/fs
40 silly registry.get cb [ 404,
40 silly registry.get   { server: 'CouchDB/1.3.0 (Erlang OTP/R15B03)',
40 silly registry.get     date: 'Tue, 11 Jun 2013 16:03:33 GMT',
40 silly registry.get     'content-type': 'application/json',
40 silly registry.get     'content-length': '52',
40 silly registry.get     'cache-control': 'must-revalidate' } ]
41 silly lockFile d8bf140d-fs fs@*
42 silly lockFile d8bf140d-fs fs@*
43 error 404 'fs' is not in the npm registry.
43 error 404 You should bug the author to publish it
43 error 404
43 error 404 Note that you can also install from a
43 error 404 tarball, folder, or http url, or git url.
44 error System Darwin 12.4.0
45 error command "/usr/local/Cellar/node/0.10.8/bin/node" "/usr/local/bin/npm" "install"
46 error cwd /Users/duke/Documents/dev/dukeboard/kevoree-modeling-framework/gpce2013-experiment
47 error node -v v0.10.8
48 error npm -v 1.2.23
49 error code E404
50 verbose exit [ 1, true ]
